<?xml version="1.0" encoding="UTF-8"?>
<testng-results ignored="0" total="1" passed="1" failed="0" skipped="0">
  <reporter-output>
  </reporter-output>
  <suite started-at="2023-02-20T22:13:19 IST" name="Default suite" finished-at="2023-02-20T22:14:01 IST" duration-ms="42518">
    <groups>
    </groups>
    <test started-at="2023-02-20T22:13:19 IST" name="Default test" finished-at="2023-02-20T22:14:01 IST" duration-ms="42518">
      <class name="A.NaukriUpdate">
        <test-method is-config="true" signature="beforeMethod()[pri:0, instance:A.NaukriUpdate@a514af7]" started-at="2023-02-20T22:13:19 IST" name="beforeMethod" finished-at="2023-02-20T22:13:26 IST" duration-ms="7436" status="PASS">
          <reporter-output>
          </reporter-output>
        </test-method> <!-- beforeMethod -->
        <test-method signature="f()[pri:0, instance:A.NaukriUpdate@a514af7]" started-at="2023-02-20T22:13:26 IST" name="f" finished-at="2023-02-20T22:14:01 IST" duration-ms="35057" status="PASS">
          <reporter-output>
          </reporter-output>
        </test-method> <!-- f -->
      </class> <!-- A.NaukriUpdate -->
    </test> <!-- Default test -->
  </suite> <!-- Default suite -->
</testng-results>
